[debug] [2017-12-06T20:05:07.778Z] ----------------------------------------------------------------------
[debug] [2017-12-06T20:05:07.781Z] Command:       /usr/local/Cellar/node/8.2.1/bin/node /usr/local/bin/firebase serve --only functions
[debug] [2017-12-06T20:05:07.781Z] CLI Version:   3.13.1
[debug] [2017-12-06T20:05:07.781Z] Platform:      darwin
[debug] [2017-12-06T20:05:07.781Z] Node Version:  v8.2.1
[debug] [2017-12-06T20:05:07.781Z] Time:          Thu Dec 07 2017 00:05:07 GMT+0400 (+04)
[debug] [2017-12-06T20:05:07.781Z] ----------------------------------------------------------------------
[debug] 
[debug] [2017-12-06T20:05:07.797Z] > command requires scopes: ["email","openid","https://www.googleapis.com/auth/cloudplatformprojects.readonly","https://www.googleapis.com/auth/firebase","https://www.googleapis.com/auth/cloud-platform"]
[debug] [2017-12-06T20:05:07.798Z] > authorizing via signed-in user
[debug] [2017-12-06T20:05:07.800Z] >>> HTTP REQUEST GET https://admin.firebase.com/v1/projects/test-5eae3  
 Thu Dec 07 2017 00:05:07 GMT+0400 (+04)
[debug] [2017-12-06T20:05:09.024Z] <<< HTTP RESPONSE 200
[debug] [2017-12-06T20:05:09.025Z] >>> HTTP REQUEST GET https://admin.firebase.com/v1/database/test-5eae3/tokens  
 Thu Dec 07 2017 00:05:09 GMT+0400 (+04)
[debug] [2017-12-06T20:05:13.931Z] <<< HTTP RESPONSE 200
[info] 
[info] === Serving from '/Users/bon/work/codelink'...
[info] 
[info] i  functions: Preparing to emulate functions.
[debug] [2017-12-06T20:05:14.294Z] >>> HTTP REQUEST GET https://appengine.googleapis.com/v1/apps/test-5eae3  
 Thu Dec 07 2017 00:05:14 GMT+0400 (+04)
[debug] [2017-12-06T20:05:14.294Z] >>> HTTP REQUEST GET https://apikeys.googleapis.com/v1/projects/test-5eae3/apiKeys  
 Thu Dec 07 2017 00:05:14 GMT+0400 (+04)
[debug] [2017-12-06T20:05:15.342Z] <<< HTTP RESPONSE 200
[debug] [2017-12-06T20:05:15.599Z] <<< HTTP RESPONSE 200
[info] ✔  functions: downloadEvents: http://localhost:5000/test-5eae3/us-central1/downloadEvents
