[debug] [2017-12-01T11:16:58.550Z] ----------------------------------------------------------------------
[debug] [2017-12-01T11:16:58.553Z] Command:       /usr/local/Cellar/node/8.2.1/bin/node /usr/local/bin/firebase deploy
[debug] [2017-12-01T11:16:58.553Z] CLI Version:   3.13.1
[debug] [2017-12-01T11:16:58.553Z] Platform:      darwin
[debug] [2017-12-01T11:16:58.553Z] Node Version:  v8.2.1
[debug] [2017-12-01T11:16:58.553Z] Time:          Fri Dec 01 2017 15:16:58 GMT+0400 (+04)
[debug] [2017-12-01T11:16:58.553Z] ----------------------------------------------------------------------
[debug] 
[debug] [2017-12-01T11:16:58.574Z] > command requires scopes: ["email","openid","https://www.googleapis.com/auth/cloudplatformprojects.readonly","https://www.googleapis.com/auth/firebase","https://www.googleapis.com/auth/cloud-platform"]
[debug] [2017-12-01T11:16:58.574Z] > authorizing via signed-in user
[debug] [2017-12-01T11:16:58.576Z] > refreshing access token with scopes: ["email","https://www.googleapis.com/auth/cloud-platform","https://www.googleapis.com/auth/cloudplatformprojects.readonly","https://www.googleapis.com/auth/firebase","openid"]
[debug] [2017-12-01T11:16:58.577Z] >>> HTTP REQUEST POST https://www.googleapis.com/oauth2/v3/token { refresh_token: '1/Kc13Pttc6Yc5QS6ZpJ4gg7oRFOmWUzytocEayljpHvY',
  client_id: '563584335869-fgrhgmd47bqnekij5i8b5pr03ho849e6.apps.googleusercontent.com',
  client_secret: 'j9iVZfS8kkCEFUPaAeJV0sAi',
  grant_type: 'refresh_token',
  scope: 'email https://www.googleapis.com/auth/cloud-platform https://www.googleapis.com/auth/cloudplatformprojects.readonly https://www.googleapis.com/auth/firebase openid' } 
 Fri Dec 01 2017 15:16:58 GMT+0400 (+04)
[debug] [2017-12-01T11:16:58.953Z] <<< HTTP RESPONSE 200
[debug] [2017-12-01T11:16:58.962Z] >>> HTTP REQUEST GET https://admin.firebase.com/v1/projects/test-5eae3  
 Fri Dec 01 2017 15:16:58 GMT+0400 (+04)
[debug] [2017-12-01T11:17:00.016Z] <<< HTTP RESPONSE 200
[debug] [2017-12-01T11:17:00.017Z] >>> HTTP REQUEST GET https://admin.firebase.com/v1/database/test-5eae3/tokens  
 Fri Dec 01 2017 15:17:00 GMT+0400 (+04)
